-- Found ament_cmake: 1.3.6 (/opt/ros/humble/share/ament_cmake/cmake)
-- Found rclpy: 3.3.11 (/opt/ros/humble/share/rclpy/cmake)
-- Found rclcpp: 16.0.7 (/opt/ros/humble/share/rclcpp/cmake)
-- Found rosidl_generator_c: 3.1.5 (/opt/ros/humble/share/rosidl_generator_c/cmake)
-- Found rosidl_adapter: 3.1.5 (/opt/ros/humble/share/rosidl_adapter/cmake)
-- Found rosidl_generator_cpp: 3.1.5 (/opt/ros/humble/share/rosidl_generator_cpp/cmake)
-- Using all available rosidl_typesupport_c: rosidl_typesupport_fastrtps_c;rosidl_typesupport_introspection_c
-- Using all available rosidl_typesupport_cpp: rosidl_typesupport_fastrtps_cpp;rosidl_typesupport_introspection_cpp
-- Found rmw_implementation_cmake: 6.1.1 (/opt/ros/humble/share/rmw_implementation_cmake/cmake)
-- Found rmw_fastrtps_cpp: 6.2.5 (/opt/ros/humble/share/rmw_fastrtps_cpp/cmake)
-- Using RMW implementation 'rmw_fastrtps_cpp' as default
-- Found ament_lint_auto: 0.12.9 (/opt/ros/humble/share/ament_lint_auto/cmake)
-- Added test 'cppcheck' to perform static code analysis on C / C++ code
-- Configured cppcheck include dirs: /home/jitesh/arduinobot_ws/src/arduinobot_firmware/
-- Configured cppcheck exclude dirs and/or files: 
-- Added test 'flake8' to check Python code syntax and style conventions
-- Added test 'lint_cmake' to check CMake code style
-- Added test 'pep257' to check Python code against some of the docstring style conventions in PEP 257
-- Added test 'uncrustify' to check C / C++ code style
-- Configured uncrustify additional arguments: 
-- Added test 'xmllint' to check XML markup files
-- Configuring done
-- Generating done
-- Build files have been written to: /home/jitesh/arduinobot_ws/build/arduinobot_firmware
[ 50%] [32mBuilding CXX object CMakeFiles/simple_serial_transmitter.dir/src/simple_serial_transmitter.cpp.o[0m
[ 50%] Built target ament_cmake_python_copy_arduinobot_firmware
running egg_info
writing arduinobot_firmware.egg-info/PKG-INFO
writing dependency_links to arduinobot_firmware.egg-info/dependency_links.txt
writing top-level names to arduinobot_firmware.egg-info/top_level.txt
reading manifest file 'arduinobot_firmware.egg-info/SOURCES.txt'
writing manifest file 'arduinobot_firmware.egg-info/SOURCES.txt'
[ 50%] Built target ament_cmake_python_build_arduinobot_firmware_egg
[01m[K/home/jitesh/arduinobot_ws/src/arduinobot_firmware/src/simple_serial_transmitter.cpp:37:2:[m[K [01;31m[Kerror: [m[Kexpected â€˜[01m[K;[m[Kâ€™ after class definition
   37 | }
      |  [01;31m[K^[m[K
      |  [32m[K;[m[K
[01m[K/home/jitesh/arduinobot_ws/src/arduinobot_firmware/src/simple_serial_transmitter.cpp:[m[K In constructor â€˜[01m[KSimpleSerialTransmitter::SimpleSerialTransmitter()[m[Kâ€™:
[01m[K/home/jitesh/arduinobot_ws/src/arduinobot_firmware/src/simple_serial_transmitter.cpp:16:20:[m[K [01;31m[Kerror: [m[Kâ€˜[01m[Kcreat_subscription[m[Kâ€™ was not declared in this scope; did you mean â€˜[01m[Kcreate_subscription[m[Kâ€™?
   16 |             sub_ = [01;31m[Kcreat_subscription[m[K<std_msgs::msg::String>("serial_transmitter",10 ,std::bind($SimpleSerialTransmitter::msgCallback, this, _1))
      |                    [01;31m[K^~~~~~~~~~~~~~~~~~[m[K
      |                    [32m[Kcreate_subscription[m[K
[01m[K/home/jitesh/arduinobot_ws/src/arduinobot_firmware/src/simple_serial_transmitter.cpp:16:60:[m[K [01;31m[Kerror: [m[Kexpected primary-expression before â€˜[01m[K>[m[Kâ€™ token
   16 |             sub_ = creat_subscription<std_msgs::msg::String[01;31m[K>[m[K("serial_transmitter",10 ,std::bind($SimpleSerialTransmitter::msgCallback, this, _1))
      |                                                            [01;31m[K^[m[K
[01m[K/home/jitesh/arduinobot_ws/src/arduinobot_firmware/src/simple_serial_transmitter.cpp:16:62:[m[K [01;35m[Kwarning: [m[Kleft operand of comma operator has no effect [[01;35m[K]8;;https://gcc.gnu.org/onlinedocs/gcc/Warning-Options.html#index-Wunused-value-Wunused-value]8;;[m[K]
   16 |             sub_ = creat_subscription<std_msgs::msg::String>([01;35m[K"serial_transmitter"[m[K,10 ,std::bind($SimpleSerialTransmitter::msgCallback, this, _1))
      |                                                              [01;35m[K^~~~~~~~~~~~~~~~~~~~[m[K
[01m[K/home/jitesh/arduinobot_ws/src/arduinobot_firmware/src/simple_serial_transmitter.cpp:16:97:[m[K [01;31m[Kerror: [m[Kâ€˜[01m[K$SimpleSerialTransmitter[m[Kâ€™ has not been declared
   16 |             sub_ = creat_subscription<std_msgs::msg::String>("serial_transmitter",10 ,std::bind([01;31m[K$SimpleSerialTransmitter[m[K::msgCallback, this, _1))
      |                                                                                                 [01;31m[K^~~~~~~~~~~~~~~~~~~~~~~~[m[K
gmake[2]: *** [CMakeFiles/simple_serial_transmitter.dir/build.make:76: CMakeFiles/simple_serial_transmitter.dir/src/simple_serial_transmitter.cpp.o] Error 1
gmake[1]: *** [CMakeFiles/Makefile2:192: CMakeFiles/simple_serial_transmitter.dir/all] Error 2
gmake: *** [Makefile:146: all] Error 2
