[0.437s] Invoking command in '/home/jitesh/arduinobot_ws/build/arduinobot_firmware': CMAKE_PREFIX_PATH=${CMAKE_PREFIX_PATH}:/home/jitesh/ws_moveit2/install/moveit_configs_utils:/home/jitesh/ws_moveit2/install/launch_param_builder:/home/jitesh/bookros2_ws/install/launch_pal:/home/jitesh/bookros2_ws/install/br2_fsm_bumpgo_py:/home/jitesh/roboarm_ws/install/my_robot_arm:/home/jitesh/ros2_ws/install/urdf_tutorial:/home/jitesh/ros2_ws/install/py_srvcli:/home/jitesh/ros2_ws/install/py_pubsub:/home/jitesh/ros2_ws/install/my_robot_controller:/home/jitesh/ros2_ws/install/cpp_pubsub:/opt/ros/humble /usr/bin/cmake --build /home/jitesh/arduinobot_ws/build/arduinobot_firmware -- -j12 -l12
[0.490s] -- Found ament_cmake: 1.3.6 (/opt/ros/humble/share/ament_cmake/cmake)
[0.791s] -- Found rclpy: 3.3.11 (/opt/ros/humble/share/rclpy/cmake)
[0.791s] -- Found rclcpp: 16.0.7 (/opt/ros/humble/share/rclcpp/cmake)
[0.835s] -- Found rosidl_generator_c: 3.1.5 (/opt/ros/humble/share/rosidl_generator_c/cmake)
[0.838s] -- Found rosidl_adapter: 3.1.5 (/opt/ros/humble/share/rosidl_adapter/cmake)
[0.845s] -- Found rosidl_generator_cpp: 3.1.5 (/opt/ros/humble/share/rosidl_generator_cpp/cmake)
[0.868s] -- Using all available rosidl_typesupport_c: rosidl_typesupport_fastrtps_c;rosidl_typesupport_introspection_c
[0.897s] -- Using all available rosidl_typesupport_cpp: rosidl_typesupport_fastrtps_cpp;rosidl_typesupport_introspection_cpp
[0.978s] -- Found rmw_implementation_cmake: 6.1.1 (/opt/ros/humble/share/rmw_implementation_cmake/cmake)
[0.985s] -- Found rmw_fastrtps_cpp: 6.2.5 (/opt/ros/humble/share/rmw_fastrtps_cpp/cmake)
[1.232s] -- Using RMW implementation 'rmw_fastrtps_cpp' as default
[1.566s] -- Found ament_lint_auto: 0.12.9 (/opt/ros/humble/share/ament_lint_auto/cmake)
[1.678s] -- Added test 'cppcheck' to perform static code analysis on C / C++ code
[1.678s] -- Configured cppcheck include dirs: /home/jitesh/arduinobot_ws/src/arduinobot_firmware/
[1.678s] -- Configured cppcheck exclude dirs and/or files: 
[1.678s] -- Added test 'flake8' to check Python code syntax and style conventions
[1.679s] -- Added test 'lint_cmake' to check CMake code style
[1.679s] -- Added test 'pep257' to check Python code against some of the docstring style conventions in PEP 257
[1.681s] -- Added test 'uncrustify' to check C / C++ code style
[1.681s] -- Configured uncrustify additional arguments: 
[1.681s] -- Added test 'xmllint' to check XML markup files
[1.682s] -- Configuring done
[1.697s] -- Generating done
[1.699s] -- Build files have been written to: /home/jitesh/arduinobot_ws/build/arduinobot_firmware
[1.800s] [ 50%] [32mBuilding CXX object CMakeFiles/simple_serial_transmitter.dir/src/simple_serial_transmitter.cpp.o[0m
[1.826s] [ 50%] Built target ament_cmake_python_copy_arduinobot_firmware
[2.163s] running egg_info
[2.185s] writing arduinobot_firmware.egg-info/PKG-INFO
[2.186s] writing dependency_links to arduinobot_firmware.egg-info/dependency_links.txt
[2.186s] writing top-level names to arduinobot_firmware.egg-info/top_level.txt
[2.400s] reading manifest file 'arduinobot_firmware.egg-info/SOURCES.txt'
[2.401s] writing manifest file 'arduinobot_firmware.egg-info/SOURCES.txt'
[2.518s] [ 50%] Built target ament_cmake_python_build_arduinobot_firmware_egg
[4.523s] [01m[K/home/jitesh/arduinobot_ws/src/arduinobot_firmware/src/simple_serial_transmitter.cpp:37:2:[m[K [01;31m[Kerror: [m[Kexpected â€˜[01m[K;[m[Kâ€™ after class definition
[4.524s]    37 | }
[4.524s]       |  [01;31m[K^[m[K
[4.524s]       |  [32m[K;[m[K
[4.531s] [01m[K/home/jitesh/arduinobot_ws/src/arduinobot_firmware/src/simple_serial_transmitter.cpp:[m[K In constructor â€˜[01m[KSimpleSerialTransmitter::SimpleSerialTransmitter()[m[Kâ€™:
[4.531s] [01m[K/home/jitesh/arduinobot_ws/src/arduinobot_firmware/src/simple_serial_transmitter.cpp:16:20:[m[K [01;31m[Kerror: [m[Kâ€˜[01m[Kcreat_subscription[m[Kâ€™ was not declared in this scope; did you mean â€˜[01m[Kcreate_subscription[m[Kâ€™?
[4.531s]    16 |             sub_ = [01;31m[Kcreat_subscription[m[K<std_msgs::msg::String>("serial_transmitter",10 ,std::bind($SimpleSerialTransmitter::msgCallback, this, _1))
[4.531s]       |                    [01;31m[K^~~~~~~~~~~~~~~~~~[m[K
[4.531s]       |                    [32m[Kcreate_subscription[m[K
[4.531s] [01m[K/home/jitesh/arduinobot_ws/src/arduinobot_firmware/src/simple_serial_transmitter.cpp:16:60:[m[K [01;31m[Kerror: [m[Kexpected primary-expression before â€˜[01m[K>[m[Kâ€™ token
[4.531s]    16 |             sub_ = creat_subscription<std_msgs::msg::String[01;31m[K>[m[K("serial_transmitter",10 ,std::bind($SimpleSerialTransmitter::msgCallback, this, _1))
[4.531s]       |                                                            [01;31m[K^[m[K
[4.532s] [01m[K/home/jitesh/arduinobot_ws/src/arduinobot_firmware/src/simple_serial_transmitter.cpp:16:62:[m[K [01;35m[Kwarning: [m[Kleft operand of comma operator has no effect [[01;35m[K]8;;https://gcc.gnu.org/onlinedocs/gcc/Warning-Options.html#index-Wunused-value-Wunused-value]8;;[m[K]
[4.532s]    16 |             sub_ = creat_subscription<std_msgs::msg::String>([01;35m[K"serial_transmitter"[m[K,10 ,std::bind($SimpleSerialTransmitter::msgCallback, this, _1))
[4.532s]       |                                                              [01;35m[K^~~~~~~~~~~~~~~~~~~~[m[K
[4.532s] [01m[K/home/jitesh/arduinobot_ws/src/arduinobot_firmware/src/simple_serial_transmitter.cpp:16:97:[m[K [01;31m[Kerror: [m[Kâ€˜[01m[K$SimpleSerialTransmitter[m[Kâ€™ has not been declared
[4.532s]    16 |             sub_ = creat_subscription<std_msgs::msg::String>("serial_transmitter",10 ,std::bind([01;31m[K$SimpleSerialTransmitter[m[K::msgCallback, this, _1))
[4.532s]       |                                                                                                 [01;31m[K^~~~~~~~~~~~~~~~~~~~~~~~[m[K
[5.076s] gmake[2]: *** [CMakeFiles/simple_serial_transmitter.dir/build.make:76: CMakeFiles/simple_serial_transmitter.dir/src/simple_serial_transmitter.cpp.o] Error 1
[5.076s] gmake[1]: *** [CMakeFiles/Makefile2:192: CMakeFiles/simple_serial_transmitter.dir/all] Error 2
[5.076s] gmake: *** [Makefile:146: all] Error 2
[5.081s] Invoked command in '/home/jitesh/arduinobot_ws/build/arduinobot_firmware' returned '2': CMAKE_PREFIX_PATH=${CMAKE_PREFIX_PATH}:/home/jitesh/ws_moveit2/install/moveit_configs_utils:/home/jitesh/ws_moveit2/install/launch_param_builder:/home/jitesh/bookros2_ws/install/launch_pal:/home/jitesh/bookros2_ws/install/br2_fsm_bumpgo_py:/home/jitesh/roboarm_ws/install/my_robot_arm:/home/jitesh/ros2_ws/install/urdf_tutorial:/home/jitesh/ros2_ws/install/py_srvcli:/home/jitesh/ros2_ws/install/py_pubsub:/home/jitesh/ros2_ws/install/my_robot_controller:/home/jitesh/ros2_ws/install/cpp_pubsub:/opt/ros/humble /usr/bin/cmake --build /home/jitesh/arduinobot_ws/build/arduinobot_firmware -- -j12 -l12
